c:\users\jason yang\source\repos\project1\project1\debug\vc142.pdb
c:\users\jason yang\source\repos\project1\project1\debug\vc142.idb
c:\users\jason yang\source\repos\project1\project1\debug\trianglemeshload.obj
c:\users\jason yang\source\repos\project1\project1\debug\trianglemesh.obj
c:\users\jason yang\source\repos\project1\project1\debug\triangle.obj
c:\users\jason yang\source\repos\project1\project1\debug\sphere.obj
c:\users\jason yang\source\repos\project1\project1\debug\scene.obj
c:\users\jason yang\source\repos\project1\project1\debug\mirowindow.obj
c:\users\jason yang\source\repos\project1\project1\debug\material.obj
c:\users\jason yang\source\repos\project1\project1\debug\main.obj
c:\users\jason yang\source\repos\project1\project1\debug\lambert.obj
c:\users\jason yang\source\repos\project1\project1\debug\image.obj
c:\users\jason yang\source\repos\project1\project1\debug\console.obj
c:\users\jason yang\source\repos\project1\project1\debug\camera.obj
c:\users\jason yang\source\repos\project1\project1\debug\assignment1.obj
c:\users\jason yang\source\repos\project1\project1\debug\accel.obj
c:\users\jason yang\source\repos\project1\debug\project1.exe
c:\users\jason yang\source\repos\project1\debug\project1.ilk
c:\users\jason yang\source\repos\project1\debug\project1.pdb
c:\users\jason yang\source\repos\project1\project1\debug\project1.tlog\cl.command.1.tlog
c:\users\jason yang\source\repos\project1\project1\debug\project1.tlog\cl.read.1.tlog
c:\users\jason yang\source\repos\project1\project1\debug\project1.tlog\cl.write.1.tlog
c:\users\jason yang\source\repos\project1\project1\debug\project1.tlog\link.command.1.tlog
c:\users\jason yang\source\repos\project1\project1\debug\project1.tlog\link.read.1.tlog
c:\users\jason yang\source\repos\project1\project1\debug\project1.tlog\link.write.1.tlog
